<?xml version="1.0" encoding="UTF-8"?>
<testsuite xmlns:xsi="http://www.w3.org/2001/XMLSchema-instance" xsi:noNamespaceSchemaLocation="https://maven.apache.org/surefire/maven-surefire-plugin/xsd/surefire-test-report.xsd" name="com.example.demo.service.mehod.ConferenceJourneyServiceTest" time="0.596" tests="10" errors="0" skipped="0" failures="0">
  <properties>
[...]
</properties>
  <testcase name="toConferenceJourney" classname="com.example.demo.service.mehod.ConferenceJourneyServiceTest" time="0"/>
  <testcase name="queryForPageItems" classname="com.example.demo.service.mehod.ConferenceJourneyServiceTest" time="0.002"/>
  <testcase name="queryConferenceJourneysByJourney" classname="com.example.demo.service.mehod.ConferenceJourneyServiceTest" time="0.003"/>
  <testcase name="queryConferenceJourneys" classname="com.example.demo.service.mehod.ConferenceJourneyServiceTest" time="0.003"/>
  <testcase name="deleteConferenceJourneyByID" classname="com.example.demo.service.mehod.ConferenceJourneyServiceTest" time="0.003"/>
  <testcase name="saveConferenceJourney" classname="com.example.demo.service.mehod.ConferenceJourneyServiceTest" time="0.554"/>
  <testcase name="queryConferenceJourneysByConference" classname="com.example.demo.service.mehod.ConferenceJourneyServiceTest" time="0.002"/>
  <testcase name="toConferenceJourneyDO" classname="com.example.demo.service.mehod.ConferenceJourneyServiceTest" time="0.003"/>
  <testcase name="queryConferenceJourneyByID" classname="com.example.demo.service.mehod.ConferenceJourneyServiceTest" time="0.002"/>
  <testcase name="queryForCountTotal" classname="com.example.demo.service.mehod.ConferenceJourneyServiceTest" time="0.001"/>
</testsuite>